# JRE version: OpenJDK Runtime Environment (8.0_152-b01) (build 1.8.0_152-release-1248-b01)
# Java VM: OpenJDK 64-Bit Server VM (25.152-b01 mixed mode windows-amd64 compressed oops)
Heap:
 PSYoungGen      total 321536K, used 146434K [0x00000000e0000000, 0x00000000f7780000, 0x0000000100000000)
  eden space 301568K, 42% used [0x00000000e0000000,0x00000000e7bec220,0x00000000f2680000)
  from space 19968K, 97% used [0x00000000f3080000,0x00000000f43949a0,0x00000000f4400000)
  to   space 41472K, 0% used [0x00000000f4f00000,0x00000000f4f00000,0x00000000f7780000)
 ParOldGen       total 204800K, used 70930K [0x00000000a0000000, 0x00000000ac800000, 0x00000000e0000000)
  object space 204800K, 34% used [0x00000000a0000000,0x00000000a4544b80,0x00000000ac800000)
 Metaspace       used 94162K, capacity 98171K, committed 98304K, reserved 1134592K
  class space    used 11893K, capacity 12700K, committed 12800K, reserved 1048576K
GC Heap History (10 events):
Event: 1867.591 GC heap before
{Heap before GC invocations=16 (full 3):
 PSYoungGen      total 387584K, used 387573K [0x00000000e0000000, 0x00000000fad80000, 0x0000000100000000)
  eden space 355840K, 100% used [0x00000000e0000000,0x00000000f5b80000,0x00000000f5b80000)
  from space 31744K, 99% used [0x00000000f8380000,0x00000000fa27d5d8,0x00000000fa280000)
  to   space 40960K, 0% used [0x00000000f5b80000,0x00000000f5b80000,0x00000000f8380000)
 ParOldGen       total 204800K, used 54198K [0x00000000a0000000, 0x00000000ac800000, 0x00000000e0000000)
  object space 204800K, 26% used [0x00000000a0000000,0x00000000a34edb90,0x00000000ac800000)
 Metaspace       used 91915K, capacity 95627K, committed 95872K, reserved 1132544K
  class space    used 11827K, capacity 12586K, committed 12672K, reserved 1048576K
Event: 1867.634 GC heap after
Heap after GC invocations=16 (full 3):
 PSYoungGen      total 383488K, used 39356K [0x00000000e0000000, 0x00000000fab00000, 0x0000000100000000)
  eden space 344064K, 0% used [0x00000000e0000000,0x00000000e0000000,0x00000000f5000000)
  from space 39424K, 99% used [0x00000000f5b80000,0x00000000f81ef3d8,0x00000000f8200000)
  to   space 41984K, 0% used [0x00000000f8200000,0x00000000f8200000,0x00000000fab00000)
 ParOldGen       total 204800K, used 70890K [0x00000000a0000000, 0x00000000ac800000, 0x00000000e0000000)
  object space 204800K, 34% used [0x00000000a0000000,0x00000000a453ab80,0x00000000ac800000)
 Metaspace       used 91915K, capacity 95627K, committed 95872K, reserved 1132544K
  class space    used 11827K, capacity 12586K, committed 12672K, reserved 1048576K
}
Event: 1868.681 GC heap before
{Heap before GC invocations=17 (full 3):
 PSYoungGen      total 383488K, used 382519K [0x00000000e0000000, 0x00000000fab00000, 0x0000000100000000)
  eden space 344064K, 99% used [0x00000000e0000000,0x00000000f4f1e930,0x00000000f5000000)
  from space 39424K, 99% used [0x00000000f5b80000,0x00000000f81ef3d8,0x00000000f8200000)
  to   space 41984K, 0% used [0x00000000f8200000,0x00000000f8200000,0x00000000fab00000)
 ParOldGen       total 204800K, used 70890K [0x00000000a0000000, 0x00000000ac800000, 0x00000000e0000000)
  object space 204800K, 34% used [0x00000000a0000000,0x00000000a453ab80,0x00000000ac800000)
 Metaspace       used 92222K, capacity 95931K, committed 96128K, reserved 1132544K
  class space    used 11834K, capacity 12590K, committed 12672K, reserved 1048576K
Event: 1868.696 GC heap after
Heap after GC invocations=17 (full 3):
 PSYoungGen      total 360448K, used 24231K [0x00000000e0000000, 0x00000000f9d00000, 0x0000000100000000)
  eden space 332800K, 0% used [0x00000000e0000000,0x00000000e0000000,0x00000000f4500000)
  from space 27648K, 87% used [0x00000000f8200000,0x00000000f99a9ef8,0x00000000f9d00000)
  to   space 45056K, 0% used [0x00000000f4500000,0x00000000f4500000,0x00000000f7100000)
 ParOldGen       total 204800K, used 70898K [0x00000000a0000000, 0x00000000ac800000, 0x00000000e0000000)
  object space 204800K, 34% used [0x00000000a0000000,0x00000000a453cb80,0x00000000ac800000)
 Metaspace       used 92222K, capacity 95931K, committed 96128K, reserved 1132544K
  class space    used 11834K, capacity 12590K, committed 12672K, reserved 1048576K
}
Event: 1870.955 GC heap before
{Heap before GC invocations=18 (full 3):
 PSYoungGen      total 360448K, used 357031K [0x00000000e0000000, 0x00000000f9d00000, 0x0000000100000000)
  eden space 332800K, 100% used [0x00000000e0000000,0x00000000f4500000,0x00000000f4500000)
  from space 27648K, 87% used [0x00000000f8200000,0x00000000f99a9ef8,0x00000000f9d00000)
  to   space 45056K, 0% used [0x00000000f4500000,0x00000000f4500000,0x00000000f7100000)
 ParOldGen       total 204800K, used 70898K [0x00000000a0000000, 0x00000000ac800000, 0x00000000e0000000)
  object space 204800K, 34% used [0x00000000a0000000,0x00000000a453cb80,0x00000000ac800000)
 Metaspace       used 93138K, capacity 96881K, committed 97152K, reserved 1134592K
  class space    used 11848K, capacity 12591K, committed 12672K, reserved 1048576K
Event: 1870.971 GC heap after
Heap after GC invocations=18 (full 3):
 PSYoungGen      total 346624K, used 24362K [0x00000000e0000000, 0x00000000f9080000, 0x0000000100000000)
  eden space 322048K, 0% used [0x00000000e0000000,0x00000000e0000000,0x00000000f3a80000)
  from space 24576K, 99% used [0x00000000f4500000,0x00000000f5ccaa88,0x00000000f5d00000)
  to   space 44032K, 0% used [0x00000000f6580000,0x00000000f6580000,0x00000000f9080000)
 ParOldGen       total 204800K, used 70906K [0x00000000a0000000, 0x00000000ac800000, 0x00000000e0000000)
  object space 204800K, 34% used [0x00000000a0000000,0x00000000a453eb80,0x00000000ac800000)
 Metaspace       used 93138K, capacity 96881K, committed 97152K, reserved 1134592K
  class space    used 11848K, capacity 12591K, committed 12672K, reserved 1048576K
}
Event: 2264.226 GC heap before
{Heap before GC invocations=19 (full 3):
 PSYoungGen      total 346624K, used 346410K [0x00000000e0000000, 0x00000000f9080000, 0x0000000100000000)
  eden space 322048K, 100% used [0x00000000e0000000,0x00000000f3a80000,0x00000000f3a80000)
  from space 24576K, 99% used [0x00000000f4500000,0x00000000f5ccaa88,0x00000000f5d00000)
  to   space 44032K, 0% used [0x00000000f6580000,0x00000000f6580000,0x00000000f9080000)
 ParOldGen       total 204800K, used 70906K [0x00000000a0000000, 0x00000000ac800000, 0x00000000e0000000)
  object space 204800K, 34% used [0x00000000a0000000,0x00000000a453eb80,0x00000000ac800000)
 Metaspace       used 93815K, capacity 97757K, committed 98048K, reserved 1134592K
  class space    used 11879K, capacity 12675K, committed 12800K, reserved 1048576K
Event: 2264.243 GC heap after
Heap after GC invocations=19 (full 3):
 PSYoungGen      total 343552K, used 24997K [0x00000000e0000000, 0x00000000f8480000, 0x0000000100000000)
  eden space 311808K, 0% used [0x00000000e0000000,0x00000000e0000000,0x00000000f3080000)
  from space 31744K, 78% used [0x00000000f6580000,0x00000000f7de9768,0x00000000f8480000)
  to   space 43008K, 0% used [0x00000000f3080000,0x00000000f3080000,0x00000000f5a80000)
 ParOldGen       total 204800K, used 70922K [0x00000000a0000000, 0x00000000ac800000, 0x00000000e0000000)
  object space 204800K, 34% used [0x00000000a0000000,0x00000000a4542b80,0x00000000ac800000)
 Metaspace       used 93815K, capacity 97757K, committed 98048K, reserved 1134592K
  class space    used 11879K, capacity 12675K, committed 12800K, reserved 1048576K
}
Event: 6585.569 GC heap before
{Heap before GC invocations=20 (full 3):
 PSYoungGen      total 343552K, used 336805K [0x00000000e0000000, 0x00000000f8480000, 0x0000000100000000)
  eden space 311808K, 100% used [0x00000000e0000000,0x00000000f3080000,0x00000000f3080000)
  from space 31744K, 78% used [0x00000000f6580000,0x00000000f7de9768,0x00000000f8480000)
  to   space 43008K, 0% used [0x00000000f3080000,0x00000000f3080000,0x00000000f5a80000)
 ParOldGen       total 204800K, used 70922K [0x00000000a0000000, 0x00000000ac800000, 0x00000000e0000000)
  object space 204800K, 34% used [0x00000000a0000000,0x00000000a4542b80,0x00000000ac800000)
 Metaspace       used 94069K, capacity 98165K, committed 98304K, reserved 1134592K
  class space    used 11892K, capacity 12699K, committed 12800K, reserved 1048576K
Event: 6585.588 GC heap after
Heap after GC invocations=20 (full 3):
 PSYoungGen      total 321536K, used 19538K [0x00000000e0000000, 0x00000000f7780000, 0x0000000100000000)
  eden space 301568K, 0% used [0x00000000e0000000,0x00000000e0000000,0x00000000f2680000)
  from space 19968K, 97% used [0x00000000f3080000,0x00000000f43949a0,0x00000000f4400000)
  to   space 41472K, 0% used [0x00000000f4f00000,0x00000000f4f00000,0x00000000f7780000)
 ParOldGen       total 204800K, used 70930K [0x00000000a0000000, 0x00000000ac800000, 0x00000000e0000000)
  object space 204800K, 34% used [0x00000000a0000000,0x00000000a4544b80,0x00000000ac800000)
 Metaspace       used 94069K, capacity 98165K, committed 98304K, reserved 1134592K
  class space    used 11892K, capacity 12699K, committed 12800K, reserved 1048576K
}

