# JRE version: Java(TM) SE Runtime Environment (8.0_191-b12) (build 1.8.0_191-b12)
# Java VM: Java HotSpot(TM) Client VM (25.191-b12 mixed mode windows-x86 )
Heap:
 def new generation   total 39424K, used 11032K [0x05200000, 0x07cc0000, 0x0fca0000)
  eden space 35072K,  30% used [0x05200000, 0x05c6d730, 0x07440000)
  from space 4352K,   8% used [0x07440000, 0x07498b60, 0x07880000)
  to   space 4352K,   0% used [0x07880000, 0x07880000, 0x07cc0000)
 tenured generation   total 87424K, used 61280K [0x0fca0000, 0x15200000, 0x25200000)
   the space 87424K,  70% used [0x0fca0000, 0x13878250, 0x13878400, 0x15200000)
 Metaspace       used 21271K, capacity 21895K, committed 22016K, reserved 22912K
GC Heap History (10 events):
Event: 1050.309 GC heap before
{Heap before GC invocations=18 (full 2):
 def new generation   total 39424K, used 37900K [0x05200000, 0x07cc0000, 0x0fca0000)
  eden space 35072K, 100% used [0x05200000, 0x07440000, 0x07440000)
  from space 4352K,  64% used [0x07880000, 0x07b430f0, 0x07cc0000)
  to   space 4352K,   0% used [0x07440000, 0x07440000, 0x07880000)
 tenured generation   total 87424K, used 58894K [0x0fca0000, 0x15200000, 0x25200000)
   the space 87424K,  67% used [0x0fca0000, 0x13623a38, 0x13623c00, 0x15200000)
 Metaspace       used 21253K, capacity 21895K, committed 22016K, reserved 22912K
Event: 1050.313 GC heap after
Heap after GC invocations=19 (full 2):
 def new generation   total 39424K, used 413K [0x05200000, 0x07cc0000, 0x0fca0000)
  eden space 35072K,   0% used [0x05200000, 0x05200000, 0x07440000)
  from space 4352K,   9% used [0x07440000, 0x074a7740, 0x07880000)
  to   space 4352K,   0% used [0x07880000, 0x07880000, 0x07cc0000)
 tenured generation   total 87424K, used 61280K [0x0fca0000, 0x15200000, 0x25200000)
   the space 87424K,  70% used [0x0fca0000, 0x13878250, 0x13878400, 0x15200000)
 Metaspace       used 21253K, capacity 21895K, committed 22016K, reserved 22912K
}
Event: 1822.440 GC heap before
{Heap before GC invocations=19 (full 2):
 def new generation   total 39424K, used 35485K [0x05200000, 0x07cc0000, 0x0fca0000)
  eden space 35072K, 100% used [0x05200000, 0x07440000, 0x07440000)
  from space 4352K,   9% used [0x07440000, 0x074a7740, 0x07880000)
  to   space 4352K,   0% used [0x07880000, 0x07880000, 0x07cc0000)
 tenured generation   total 87424K, used 61280K [0x0fca0000, 0x15200000, 0x25200000)
   the space 87424K,  70% used [0x0fca0000, 0x13878250, 0x13878400, 0x15200000)
 Metaspace       used 21256K, capacity 21895K, committed 22016K, reserved 22912K
Event: 1822.443 GC heap after
Heap after GC invocations=20 (full 2):
 def new generation   total 39424K, used 1464K [0x05200000, 0x07cc0000, 0x0fca0000)
  eden space 35072K,   0% used [0x05200000, 0x05200000, 0x07440000)
  from space 4352K,  33% used [0x07880000, 0x079ee2c0, 0x07cc0000)
  to   space 4352K,   0% used [0x07440000, 0x07440000, 0x07880000)
 tenured generation   total 87424K, used 61280K [0x0fca0000, 0x15200000, 0x25200000)
   the space 87424K,  70% used [0x0fca0000, 0x13878250, 0x13878400, 0x15200000)
 Metaspace       used 21256K, capacity 21895K, committed 22016K, reserved 22912K
}
Event: 13713.452 GC heap before
{Heap before GC invocations=20 (full 2):
 def new generation   total 39424K, used 36536K [0x05200000, 0x07cc0000, 0x0fca0000)
  eden space 35072K, 100% used [0x05200000, 0x07440000, 0x07440000)
  from space 4352K,  33% used [0x07880000, 0x079ee2c0, 0x07cc0000)
  to   space 4352K,   0% used [0x07440000, 0x07440000, 0x07880000)
 tenured generation   total 87424K, used 61280K [0x0fca0000, 0x15200000, 0x25200000)
   the space 87424K,  70% used [0x0fca0000, 0x13878250, 0x13878400, 0x15200000)
 Metaspace       used 21271K, capacity 21895K, committed 22016K, reserved 22912K
Event: 13713.458 GC heap after
Heap after GC invocations=21 (full 2):
 def new generation   total 39424K, used 260K [0x05200000, 0x07cc0000, 0x0fca0000)
  eden space 35072K,   0% used [0x05200000, 0x05200000, 0x07440000)
  from space 4352K,   5% used [0x07440000, 0x07481390, 0x07880000)
  to   space 4352K,   0% used [0x07880000, 0x07880000, 0x07cc0000)
 tenured generation   total 87424K, used 61280K [0x0fca0000, 0x15200000, 0x25200000)
   the space 87424K,  70% used [0x0fca0000, 0x13878250, 0x13878400, 0x15200000)
 Metaspace       used 21271K, capacity 21895K, committed 22016K, reserved 22912K
}
Event: 21458.549 GC heap before
{Heap before GC invocations=21 (full 2):
 def new generation   total 39424K, used 35332K [0x05200000, 0x07cc0000, 0x0fca0000)
  eden space 35072K, 100% used [0x05200000, 0x07440000, 0x07440000)
  from space 4352K,   5% used [0x07440000, 0x07481390, 0x07880000)
  to   space 4352K,   0% used [0x07880000, 0x07880000, 0x07cc0000)
 tenured generation   total 87424K, used 61280K [0x0fca0000, 0x15200000, 0x25200000)
   the space 87424K,  70% used [0x0fca0000, 0x13878250, 0x13878400, 0x15200000)
 Metaspace       used 21271K, capacity 21895K, committed 22016K, reserved 22912K
Event: 21458.551 GC heap after
Heap after GC invocations=22 (full 2):
 def new generation   total 39424K, used 352K [0x05200000, 0x07cc0000, 0x0fca0000)
  eden space 35072K,   0% used [0x05200000, 0x05200000, 0x07440000)
  from space 4352K,   8% used [0x07880000, 0x078d8028, 0x07cc0000)
  to   space 4352K,   0% used [0x07440000, 0x07440000, 0x07880000)
 tenured generation   total 87424K, used 61280K [0x0fca0000, 0x15200000, 0x25200000)
   the space 87424K,  70% used [0x0fca0000, 0x13878250, 0x13878400, 0x15200000)
 Metaspace       used 21271K, capacity 21895K, committed 22016K, reserved 22912K
}
Event: 33423.338 GC heap before
{Heap before GC invocations=22 (full 2):
 def new generation   total 39424K, used 35424K [0x05200000, 0x07cc0000, 0x0fca0000)
  eden space 35072K, 100% used [0x05200000, 0x07440000, 0x07440000)
  from space 4352K,   8% used [0x07880000, 0x078d8028, 0x07cc0000)
  to   space 4352K,   0% used [0x07440000, 0x07440000, 0x07880000)
 tenured generation   total 87424K, used 61280K [0x0fca0000, 0x15200000, 0x25200000)
   the space 87424K,  70% used [0x0fca0000, 0x13878250, 0x13878400, 0x15200000)
 Metaspace       used 21271K, capacity 21895K, committed 22016K, reserved 22912K
Event: 33423.345 GC heap after
Heap after GC invocations=23 (full 2):
 def new generation   total 39424K, used 354K [0x05200000, 0x07cc0000, 0x0fca0000)
  eden space 35072K,   0% used [0x05200000, 0x05200000, 0x07440000)
  from space 4352K,   8% used [0x07440000, 0x07498b60, 0x07880000)
  to   space 4352K,   0% used [0x07880000, 0x07880000, 0x07cc0000)
 tenured generation   total 87424K, used 61280K [0x0fca0000, 0x15200000, 0x25200000)
   the space 87424K,  70% used [0x0fca0000, 0x13878250, 0x13878400, 0x15200000)
 Metaspace       used 21271K, capacity 21895K, committed 22016K, reserved 22912K
}

